app/build/outputs/logs/manifest-merger-release-report.txt
-- Merging decision tree log ---
manifest
ADDED from src\main\AndroidManifest.xml:2:1-33:12
	package
		ADDED from src\main\AndroidManifest.xml:3:2-34
		INJECTED from src\main\AndroidManifest.xml
		INJECTED from src\main\AndroidManifest.xml
	android:versionName
		ADDED from src\main\AndroidManifest.xml:3:59-84
		INJECTED from src\main\AndroidManifest.xml
		INJECTED from src\main\AndroidManifest.xml
	android:versionCode
		ADDED from src\main\AndroidManifest.xml:3:35-58
		INJECTED from src\main\AndroidManifest.xml
		INJECTED from src\main\AndroidManifest.xml
	xmlns:android
		ADDED from src\main\AndroidManifest.xml:2:11-69
uses-sdk
ADDED from src\main\AndroidManifest.xml:4:2-40
	android:targetSdkVersion
		INJECTED from src\main\AndroidManifest.xml
		INJECTED from src\main\AndroidManifest.xml
	android:minSdkVersion
		ADDED from src\main\AndroidManifest.xml:4:12-37
		INJECTED from src\main\AndroidManifest.xml
		INJECTED from src\main\AndroidManifest.xml
meta-data#ADMOB_ALLOW_LOCATION_FOR_ADS
ADDED from src\main\AndroidManifest.xml:5:2-80
	android:value
		ADDED from src\main\AndroidManifest.xml:5:13-33
	android:name
		ADDED from src\main\AndroidManifest.xml:5:34-77
uses-permission#android.permission.INTERNET
ADDED from src\main\AndroidManifest.xml:6:7-68
	android:name
		ADDED from src\main\AndroidManifest.xml:6:24-66
uses-permission#android.permission.ACCESS_NETWORK_STATE
ADDED from src\main\AndroidManifest.xml:7:8-82
	android:name
		ADDED from src\main\AndroidManifest.xml:7:25-79
application
ADDED from src\main\AndroidManifest.xml:8:2-32:16
	android:label
		ADDED from src\main\AndroidManifest.xml:8:45-77
	android:icon
		ADDED from src\main\AndroidManifest.xml:8:15-44
activity#com.kd.grabandcut.menu.SplashScreen
ADDED from src\main\AndroidManifest.xml:9:3-15:14
	android:configChanges
		ADDED from src\main\AndroidManifest.xml:10:46-96
	android:theme
		ADDED from src\main\AndroidManifest.xml:10:4-44
	android:name
		ADDED from src\main\AndroidManifest.xml:9:13-41
intent-filter#android.intent.action.MAIN+android.intent.category.LAUNCHER
ADDED from src\main\AndroidManifest.xml:11:4-14:20
action#android.intent.action.MAIN
ADDED from src\main\AndroidManifest.xml:12:5-153
	android:screenOrientation
		ADDED from src\main\AndroidManifest.xml:12:107-143
	android:configChanges
		ADDED from src\main\AndroidManifest.xml:12:56-106
	android:name
		ADDED from src\main\AndroidManifest.xml:12:13-54
category#android.intent.category.LAUNCHER
ADDED from src\main\AndroidManifest.xml:13:5-163
	android:screenOrientation
		ADDED from src\main\AndroidManifest.xml:13:115-151
	android:configChanges
		ADDED from src\main\AndroidManifest.xml:13:64-114
	android:name
		ADDED from src\main\AndroidManifest.xml:13:15-62
activity#com.kd.grabandcut.menu.MainScreen
ADDED from src\main\AndroidManifest.xml:16:3-140
	android:screenOrientation
		ADDED from src\main\AndroidManifest.xml:16:92-128
	android:configChanges
		ADDED from src\main\AndroidManifest.xml:16:41-91
	android:name
		ADDED from src\main\AndroidManifest.xml:16:13-39
activity#com.kd.grabandcut.menu.LevelScreen
ADDED from src\main\AndroidManifest.xml:17:3-141
	android:screenOrientation
		ADDED from src\main\AndroidManifest.xml:17:93-129
	android:configChanges
		ADDED from src\main\AndroidManifest.xml:17:42-92
	android:name
		ADDED from src\main\AndroidManifest.xml:17:13-40
activity#com.kd.grabandcut.menu.OptionMenuScreen
ADDED from src\main\AndroidManifest.xml:18:3-146
	android:screenOrientation
		ADDED from src\main\AndroidManifest.xml:18:98-134
	android:configChanges
		ADDED from src\main\AndroidManifest.xml:18:47-97
	android:name
		ADDED from src\main\AndroidManifest.xml:18:13-45
activity#com.kd.grabandcut.menu.level.TestGame
ADDED from src\main\AndroidManifest.xml:19:3-26:14
	android:screenOrientation
		ADDED from src\main\AndroidManifest.xml:21:115-151
	android:label
		ADDED from src\main\AndroidManifest.xml:20:4-36
	android:configChanges
		ADDED from src\main\AndroidManifest.xml:21:64-114
	android:theme
		ADDED from src\main\AndroidManifest.xml:21:4-62
	android:name
		ADDED from src\main\AndroidManifest.xml:19:13-65
intent-filter#android.intent.action.MAIN+android.intent.category.DEFAULT
ADDED from src\main\AndroidManifest.xml:22:4-25:20
category#android.intent.category.DEFAULT
ADDED from src\main\AndroidManifest.xml:24:5-64
	android:name
		ADDED from src\main\AndroidManifest.xml:24:15-61
activity#com.google.ads.AdActivity
ADDED from src\main\AndroidManifest.xml:27:3-29:122
	android:configChanges
		ADDED from src\main\AndroidManifest.xml:29:9-118
	android:theme
		ADDED from src\main\AndroidManifest.xml:28:9-67
	android:name
		ADDED from src\main\AndroidManifest.xml:27:13-53